<?xml version="1.0" encoding="UTF-8"?>
<!-- Generated by org.testng.reporters.JUnitReportReporter -->
<testsuite hostname="DESKTOP-8DQGRT1" failures="0" tests="1" name="firstNewAutomation.mytestcases" time="0.240" errors="0" timestamp="2023-11-26T19:05:54 EET" skipped="0">
  <testcase classname="firstNewAutomation.mytestcases" name="myFirstTest" time="0.240"/>
  <system-out/>
</testsuite> <!-- firstNewAutomation.mytestcases -->
